Started GET "/" for 127.0.0.1 at 2022-08-25 17:20:25 +0200
  [1m[35m (8.1ms)[0m  [1m[34mSELECT sqlite_version(*)[0m
Processing by Rails::WelcomeController#index as HTML
  Rendering C:/Ruby31-x64/lib/ruby/gems/3.1.0/gems/railties-7.0.3.1/lib/rails/templates/rails/welcome/index.html.erb
  Rendered C:/Ruby31-x64/lib/ruby/gems/3.1.0/gems/railties-7.0.3.1/lib/rails/templates/rails/welcome/index.html.erb (Duration: 5.9ms | Allocations: 653)
Completed 200 OK in 80ms (Views: 24.0ms | ActiveRecord: 0.0ms | Allocations: 5145)


  [1m[35m (3.7ms)[0m  [1m[34mSELECT sqlite_version(*)[0m
  [1m[35m (8.1ms)[0m  [1m[35mCREATE TABLE "schema_migrations" ("version" varchar NOT NULL PRIMARY KEY)[0m
  [1m[35m (4.1ms)[0m  [1m[35mCREATE TABLE "ar_internal_metadata" ("key" varchar NOT NULL PRIMARY KEY, "value" varchar, "created_at" datetime(6) NOT NULL, "updated_at" datetime(6) NOT NULL)[0m
  [1m[36mActiveRecord::SchemaMigration Pluck (0.2ms)[0m  [1m[34mSELECT "schema_migrations"."version" FROM "schema_migrations" ORDER BY "schema_migrations"."version" ASC[0m
Migrating to CreateArticles (20220825173858)
  [1m[36mTRANSACTION (0.1ms)[0m  [1m[36mbegin transaction[0m
  [1m[35m (1.5ms)[0m  [1m[35mCREATE TABLE "articles" ("id" integer PRIMARY KEY AUTOINCREMENT NOT NULL, "title" varchar, "body" text, "created_at" datetime(6) NOT NULL, "updated_at" datetime(6) NOT NULL)[0m
  [1m[36mActiveRecord::SchemaMigration Create (0.2ms)[0m  [1m[32mINSERT INTO "schema_migrations" ("version") VALUES (?)[0m  [["version", "20220825173858"]]
  [1m[36mTRANSACTION (5.6ms)[0m  [1m[36mcommit transaction[0m
  [1m[36mActiveRecord::InternalMetadata Load (0.2ms)[0m  [1m[34mSELECT "ar_internal_metadata".* FROM "ar_internal_metadata" WHERE "ar_internal_metadata"."key" = ? LIMIT ?[0m  [["key", "environment"], ["LIMIT", 1]]
  [1m[36mTRANSACTION (0.0ms)[0m  [1m[36mbegin transaction[0m
  [1m[36mActiveRecord::InternalMetadata Create (3.3ms)[0m  [1m[32mINSERT INTO "ar_internal_metadata" ("key", "value", "created_at", "updated_at") VALUES (?, ?, ?, ?)[0m  [["key", "environment"], ["value", "development"], ["created_at", "2022-08-25 17:40:05.420769"], ["updated_at", "2022-08-25 17:40:05.420769"]]
  [1m[36mTRANSACTION (3.7ms)[0m  [1m[36mcommit transaction[0m
  [1m[35m (0.1ms)[0m  [1m[34mSELECT sqlite_version(*)[0m
  [1m[36mActiveRecord::SchemaMigration Pluck (0.1ms)[0m  [1m[34mSELECT "schema_migrations"."version" FROM "schema_migrations" ORDER BY "schema_migrations"."version" ASC[0m
  [1m[35m (1.5ms)[0m  [1m[34mSELECT sqlite_version(*)[0m
  [1m[36mTRANSACTION (0.1ms)[0m  [1m[36mbegin transaction[0m
  [1m[36mArticle Create (6.9ms)[0m  [1m[32mINSERT INTO "articles" ("title", "body", "created_at", "updated_at") VALUES (?, ?, ?, ?)[0m  [["title", "Hello Rails"], ["body", "I am on Rails!"], ["created_at", "2022-08-25 17:42:55.445422"], ["updated_at", "2022-08-25 17:42:55.445422"]]
  [1m[36mTRANSACTION (3.9ms)[0m  [1m[36mcommit transaction[0m
  [1m[36mArticle Load (0.2ms)[0m  [1m[34mSELECT "articles".* FROM "articles" WHERE "articles"."id" = ? LIMIT ?[0m  [["id", 1], ["LIMIT", 1]]
  [1m[36mArticle Load (0.4ms)[0m  [1m[34mSELECT "articles".* FROM "articles"[0m
Started GET "/" for 127.0.0.1 at 2022-08-25 19:51:46 +0200
  [1m[35m (1.2ms)[0m  [1m[34mSELECT sqlite_version(*)[0m
  [1m[36mActiveRecord::SchemaMigration Pluck (2.1ms)[0m  [1m[34mSELECT "schema_migrations"."version" FROM "schema_migrations" ORDER BY "schema_migrations"."version" ASC[0m
Processing by Rails::WelcomeController#index as HTML
  Rendering C:/Ruby31-x64/lib/ruby/gems/3.1.0/gems/railties-7.0.3.1/lib/rails/templates/rails/welcome/index.html.erb
  Rendered C:/Ruby31-x64/lib/ruby/gems/3.1.0/gems/railties-7.0.3.1/lib/rails/templates/rails/welcome/index.html.erb (Duration: 7.4ms | Allocations: 653)
Completed 200 OK in 102ms (Views: 31.2ms | ActiveRecord: 0.0ms | Allocations: 5176)


Started GET "/article" for 127.0.0.1 at 2022-08-25 19:51:50 +0200
  
ActionController::RoutingError (No route matches [GET] "/article"):
  
Started GET "/article/" for 127.0.0.1 at 2022-08-25 19:52:18 +0200
  
ActionController::RoutingError (No route matches [GET] "/article"):
  
Started GET "/article/index" for 127.0.0.1 at 2022-08-25 19:52:22 +0200
Processing by ArticleController#index as HTML
  Rendering layout layouts/application.html.erb
  Rendering article/index.html.erb within layouts/application
  Rendered article/index.html.erb within layouts/application (Duration: 0.6ms | Allocations: 137)
  Rendered layout layouts/application.html.erb (Duration: 50.1ms | Allocations: 10062)
Completed 500 Internal Server Error in 61ms (ActiveRecord: 0.0ms | Allocations: 11912)


  
ActionView::Template::Error (link_tree argument must be a directory):
  
app/assets/config/manifest.js:1
Started GET "/article" for 127.0.0.1 at 2022-08-25 19:53:14 +0200
  
ArgumentError (Missing :controller key on routes definition, please check your routes.):
  
config/routes.rb:2:in `block in <main>'
config/routes.rb:1:in `<main>'
Started GET "/article" for 127.0.0.1 at 2022-08-25 19:53:41 +0200
Processing by ArticleController#index as HTML
  Rendering layout layouts/application.html.erb
  Rendering article/index.html.erb within layouts/application
  Rendered article/index.html.erb within layouts/application (Duration: 1.8ms | Allocations: 28)
  Rendered layout layouts/application.html.erb (Duration: 32.9ms | Allocations: 4474)
Completed 500 Internal Server Error in 41ms (Allocations: 5849)


  
ActionView::Template::Error (link_tree argument must be a directory):
  
app/assets/config/manifest.js:1
Started GET "/article" for 127.0.0.1 at 2022-08-25 19:53:43 +0200
Processing by ArticleController#index as HTML
  Rendering layout layouts/application.html.erb
  Rendering article/index.html.erb within layouts/application
  Rendered article/index.html.erb within layouts/application (Duration: 0.1ms | Allocations: 20)
  Rendered layout layouts/application.html.erb (Duration: 10.6ms | Allocations: 4309)
Completed 500 Internal Server Error in 13ms (Allocations: 4835)


  
ActionView::Template::Error (link_tree argument must be a directory):
  
app/assets/config/manifest.js:1
Started GET "/article" for 127.0.0.1 at 2022-08-25 19:56:51 +0200
Processing by ArticleController#index as HTML
  Rendering layout layouts/application.html.erb
  Rendering article/index.html.erb within layouts/application
  Rendered article/index.html.erb within layouts/application (Duration: 0.1ms | Allocations: 28)
  Rendered layout layouts/application.html.erb (Duration: 11.2ms | Allocations: 5297)
Completed 500 Internal Server Error in 16ms (Allocations: 6778)


  
ActionView::Template::Error (link_tree argument must be a directory):
  
app/assets/config/manifest.js:1
Started GET "/article" for 127.0.0.1 at 2022-08-25 19:56:54 +0200
Processing by ArticleController#index as HTML
  Rendering layout layouts/application.html.erb
  Rendering article/index.html.erb within layouts/application
  Rendered article/index.html.erb within layouts/application (Duration: 0.1ms | Allocations: 20)
  Rendered layout layouts/application.html.erb (Duration: 12.4ms | Allocations: 5643)
Completed 500 Internal Server Error in 15ms (Allocations: 6101)


  
ActionView::Template::Error (link_tree argument must be a directory):
  
app/assets/config/manifest.js:1
Started GET "/article" for 127.0.0.1 at 2022-08-25 19:57:44 +0200
Processing by ArticleController#index as HTML
  Rendering layout layouts/application.html.erb
  Rendering article/index.html.erb within layouts/application
  [1m[35m (0.1ms)[0m  [1m[34mSELECT sqlite_version(*)[0m
  ↳ app/views/article/index.html.erb:4
  [1m[36mArticle Load (0.2ms)[0m  [1m[34mSELECT "articles".* FROM "articles"[0m
  ↳ app/views/article/index.html.erb:4
  Rendered article/index.html.erb within layouts/application (Duration: 78.9ms | Allocations: 14177)
  Rendered layout layouts/application.html.erb (Duration: 93.6ms | Allocations: 19414)
Completed 500 Internal Server Error in 102ms (ActiveRecord: 1.7ms | Allocations: 20519)


  
ActionView::Template::Error (link_tree argument must be a directory):
  
app/assets/config/manifest.js:1
Started GET "/article" for 127.0.0.1 at 2022-08-25 19:58:22 +0200
Processing by ArticleController#index as HTML
  Rendering layout layouts/application.html.erb
  Rendering article/index.html.erb within layouts/application
  [1m[36mArticle Load (0.3ms)[0m  [1m[34mSELECT "articles".* FROM "articles"[0m
  ↳ app/views/article/index.html.erb:4
  Rendered article/index.html.erb within layouts/application (Duration: 2.6ms | Allocations: 642)
  Rendered layout layouts/application.html.erb (Duration: 89.2ms | Allocations: 35098)
Completed 500 Internal Server Error in 92ms (ActiveRecord: 0.3ms | Allocations: 35392)


  
ActionView::Template::Error (Asset `application.css` was not declared to be precompiled in production.
Declare links to your assets in `app/assets/config/manifest.js`.

  //= link application.css

and restart your server):
     6:     <%= csrf_meta_tags %>
     7:     <%= csp_meta_tag %>
     8: 
     9:     <%= stylesheet_link_tag "application", "data-turbo-track": "reload" %>
    10:   </head>
    11: 
    12:   <body>
  
app/views/layouts/application.html.erb:9
Started GET "/article" for 127.0.0.1 at 2022-08-25 19:59:22 +0200
Processing by ArticleController#index as HTML
  Rendering layout layouts/application.html.erb
  Rendering article/index.html.erb within layouts/application
  [1m[36mArticle Load (0.2ms)[0m  [1m[34mSELECT "articles".* FROM "articles"[0m
  ↳ app/views/article/index.html.erb:4
  Rendered article/index.html.erb within layouts/application (Duration: 3.1ms | Allocations: 862)
  Rendered layout layouts/application.html.erb (Duration: 35.5ms | Allocations: 18764)
Completed 500 Internal Server Error in 43ms (ActiveRecord: 0.2ms | Allocations: 19537)


  
ActionView::Template::Error (Asset `application.css` was not declared to be precompiled in production.
Declare links to your assets in `app/assets/config/manifest.js`.

  //= link application.css

and restart your server):
     6:     <%= csrf_meta_tags %>
     7:     <%= csp_meta_tag %>
     8: 
     9:     <!--<%= stylesheet_link_tag "application", "data-turbo-track": "reload" %>-->
    10:   </head>
    11: 
    12:   <body>
  
app/views/layouts/application.html.erb:9
Started GET "/article" for 127.0.0.1 at 2022-08-25 19:59:46 +0200
Processing by ArticleController#index as HTML
  Rendering layout layouts/application.html.erb
  Rendering article/index.html.erb within layouts/application
  [1m[36mArticle Load (0.2ms)[0m  [1m[34mSELECT "articles".* FROM "articles"[0m
  ↳ app/views/article/index.html.erb:4
  Rendered article/index.html.erb within layouts/application (Duration: 2.2ms | Allocations: 585)
  Rendered layout layouts/application.html.erb (Duration: 19.3ms | Allocations: 8352)
Completed 500 Internal Server Error in 22ms (ActiveRecord: 0.2ms | Allocations: 9034)


  
ActionView::Template::Error (link_tree argument must be a directory):
  
app/assets/config/manifest.js:1
Started GET "/article" for 127.0.0.1 at 2022-08-25 20:00:13 +0200
Processing by ArticleController#index as HTML
  Rendering layout layouts/application.html.erb
  Rendering article/index.html.erb within layouts/application
  [1m[36mArticle Load (0.2ms)[0m  [1m[34mSELECT "articles".* FROM "articles"[0m
  ↳ app/views/article/index.html.erb:4
  Rendered article/index.html.erb within layouts/application (Duration: 2.6ms | Allocations: 854)
  Rendered layout layouts/application.html.erb (Duration: 70.6ms | Allocations: 35581)
Completed 500 Internal Server Error in 79ms (ActiveRecord: 0.2ms | Allocations: 36354)


  
ActionView::Template::Error (Asset `application.css` was not declared to be precompiled in production.
Declare links to your assets in `app/assets/config/manifest.js`.

  //= link application.css

and restart your server):
     6:     <%= csrf_meta_tags %>
     7:     <%= csp_meta_tag %>
     8: 
     9:     <%= stylesheet_link_tag "application", "data-turbo-track": "reload" %>
    10:   </head>
    11: 
    12:   <body>
  
app/views/layouts/application.html.erb:9
Started GET "/article" for 127.0.0.1 at 2022-08-25 20:00:36 +0200
Processing by ArticleController#index as HTML
  Rendering layout layouts/application.html.erb
  Rendering article/index.html.erb within layouts/application
  [1m[36mArticle Load (0.2ms)[0m  [1m[34mSELECT "articles".* FROM "articles"[0m
  ↳ app/views/article/index.html.erb:4
  Rendered article/index.html.erb within layouts/application (Duration: 2.1ms | Allocations: 585)
  Rendered layout layouts/application.html.erb (Duration: 47.1ms | Allocations: 19466)
Completed 500 Internal Server Error in 49ms (ActiveRecord: 0.2ms | Allocations: 19754)


  
ActionView::Template::Error (Asset `application.css` was not declared to be precompiled in production.
Declare links to your assets in `app/assets/config/manifest.js`.

  //= link application.css

and restart your server):
     6:     <%= csrf_meta_tags %>
     7:     <%= csp_meta_tag %>
     8: 
     9:     <%= stylesheet_link_tag "application", "data-turbo-track": "reload" %>
    10:   </head>
    11: 
    12:   <body>
  
app/views/layouts/application.html.erb:9
Started GET "/article" for 127.0.0.1 at 2022-08-25 20:00:47 +0200
Processing by ArticleController#index as HTML
  Rendering layout layouts/application.html.erb
  Rendering article/index.html.erb within layouts/application
  [1m[36mArticle Load (0.2ms)[0m  [1m[34mSELECT "articles".* FROM "articles"[0m
  ↳ app/views/article/index.html.erb:4
  Rendered article/index.html.erb within layouts/application (Duration: 1.9ms | Allocations: 585)
  Rendered layout layouts/application.html.erb (Duration: 26.3ms | Allocations: 10141)
Completed 500 Internal Server Error in 30ms (ActiveRecord: 0.2ms | Allocations: 10672)


  
ActionView::Template::Error (link_tree argument must be a directory):
  
app/assets/config/manifest.js:1
Started GET "/article" for 127.0.0.1 at 2022-08-25 20:00:56 +0200
Processing by ArticleController#index as HTML
  Rendering layout layouts/application.html.erb
  Rendering article/index.html.erb within layouts/application
  [1m[36mArticle Load (0.2ms)[0m  [1m[34mSELECT "articles".* FROM "articles"[0m
  ↳ app/views/article/index.html.erb:4
  Rendered article/index.html.erb within layouts/application (Duration: 2.0ms | Allocations: 592)
  Rendered layout layouts/application.html.erb (Duration: 81.7ms | Allocations: 34664)
Completed 500 Internal Server Error in 85ms (ActiveRecord: 0.2ms | Allocations: 34929)


  
ActionView::Template::Error (Asset `application.css` was not declared to be precompiled in production.
Declare links to your assets in `app/assets/config/manifest.js`.

  //= link application.css

and restart your server):
     6:     <%= csrf_meta_tags %>
     7:     <%= csp_meta_tag %>
     8: 
     9:     <%= stylesheet_link_tag "application", "data-turbo-track": "reload" %>
    10:   </head>
    11: 
    12:   <body>
  
app/views/layouts/application.html.erb:9
Started GET "/article" for 127.0.0.1 at 2022-08-25 20:01:23 +0200
Processing by ArticleController#index as HTML
  Rendering layout layouts/application.html.erb
  Rendering article/index.html.erb within layouts/application
  [1m[36mArticle Load (0.2ms)[0m  [1m[34mSELECT "articles".* FROM "articles"[0m
  ↳ app/views/article/index.html.erb:4
  Rendered article/index.html.erb within layouts/application (Duration: 2.0ms | Allocations: 585)
  Rendered layout layouts/application.html.erb (Duration: 50.8ms | Allocations: 19252)
Completed 500 Internal Server Error in 53ms (ActiveRecord: 0.2ms | Allocations: 19517)


  
ActionView::Template::Error (Asset `application.css` was not declared to be precompiled in production.
Declare links to your assets in `app/assets/config/manifest.js`.

  //= link application.css

and restart your server):
     6:     <%= csrf_meta_tags %>
     7:     <%= csp_meta_tag %>
     8: 
     9:     <%= stylesheet_link_tag "application", "data-turbo-track": "reload" %>
    10:   </head>
    11: 
    12:   <body>
  
app/views/layouts/application.html.erb:9
Started GET "/article" for 127.0.0.1 at 2022-08-25 20:01:33 +0200
Processing by ArticleController#index as HTML
  Rendering layout layouts/application.html.erb
  Rendering article/index.html.erb within layouts/application
  [1m[36mArticle Load (0.2ms)[0m  [1m[34mSELECT "articles".* FROM "articles"[0m
  ↳ app/views/article/index.html.erb:4
  Rendered article/index.html.erb within layouts/application (Duration: 2.5ms | Allocations: 854)
  Rendered layout layouts/application.html.erb (Duration: 3.9ms | Allocations: 1416)
Completed 200 OK in 12ms (Views: 10.2ms | ActiveRecord: 0.2ms | Allocations: 2233)


Started GET "/article" for 127.0.0.1 at 2022-08-25 20:02:05 +0200
Processing by ArticleController#index as HTML
  Rendering layout layouts/application.html.erb
  Rendering article/index.html.erb within layouts/application
  [1m[36mArticle Load (0.2ms)[0m  [1m[34mSELECT "articles".* FROM "articles"[0m
  ↳ app/views/article/index.html.erb:4
  Rendered article/index.html.erb within layouts/application (Duration: 3.7ms | Allocations: 585)
  Rendered layout layouts/application.html.erb (Duration: 5.6ms | Allocations: 1014)
Completed 200 OK in 9ms (Views: 6.9ms | ActiveRecord: 0.2ms | Allocations: 1327)


Started GET "/article" for 127.0.0.1 at 2022-08-25 20:02:26 +0200
Processing by ArticleController#index as HTML
  Rendering layout layouts/application.html.erb
  Rendering article/index.html.erb within layouts/application
  [1m[36mArticle Load (0.3ms)[0m  [1m[34mSELECT "articles".* FROM "articles"[0m
  ↳ app/views/article/index.html.erb:4
  Rendered article/index.html.erb within layouts/application (Duration: 4.1ms | Allocations: 880)
  Rendered layout layouts/application.html.erb (Duration: 7.2ms | Allocations: 1540)
Completed 200 OK in 15ms (Views: 12.0ms | ActiveRecord: 0.3ms | Allocations: 2350)


  [1m[35m (1.0ms)[0m  [1m[34mSELECT sqlite_version(*)[0m
  [1m[36mActiveRecord::SchemaMigration Pluck (0.1ms)[0m  [1m[34mSELECT "schema_migrations"."version" FROM "schema_migrations" ORDER BY "schema_migrations"."version" ASC[0m
Migrating to CreateComments (20220825191023)
  [1m[36mTRANSACTION (0.1ms)[0m  [1m[36mbegin transaction[0m
  [1m[35m (1.4ms)[0m  [1m[35mCREATE TABLE "comments" ("id" integer PRIMARY KEY AUTOINCREMENT NOT NULL, "commenter" varchar, "body" text, "article_id" integer NOT NULL, "created_at" datetime(6) NOT NULL, "updated_at" datetime(6) NOT NULL, CONSTRAINT "fk_rails_3bf61a60d3"
FOREIGN KEY ("article_id")
  REFERENCES "articles" ("id")
)[0m
  [1m[35m (0.3ms)[0m  [1m[35mCREATE INDEX "index_comments_on_article_id" ON "comments" ("article_id")[0m
  [1m[36mActiveRecord::SchemaMigration Create (0.2ms)[0m  [1m[32mINSERT INTO "schema_migrations" ("version") VALUES (?)[0m  [["version", "20220825191023"]]
  [1m[36mTRANSACTION (3.1ms)[0m  [1m[36mcommit transaction[0m
  [1m[36mActiveRecord::InternalMetadata Load (0.4ms)[0m  [1m[34mSELECT "ar_internal_metadata".* FROM "ar_internal_metadata" WHERE "ar_internal_metadata"."key" = ? LIMIT ?[0m  [["key", "environment"], ["LIMIT", 1]]
  [1m[35m (0.1ms)[0m  [1m[34mSELECT sqlite_version(*)[0m
  [1m[36mActiveRecord::SchemaMigration Pluck (0.6ms)[0m  [1m[34mSELECT "schema_migrations"."version" FROM "schema_migrations" ORDER BY "schema_migrations"."version" ASC[0m
